<?xml version="1.0" encoding="UTF-8"?>
<testng-results skipped="0" failed="0" ignored="0" total="1" passed="1">
  <reporter-output>
  </reporter-output>
  <suite name="Default suite" duration-ms="12667" started-at="2019-07-24T09:43:01Z" finished-at="2019-07-24T09:43:13Z">
    <groups>
    </groups>
    <test name="Default test" duration-ms="12667" started-at="2019-07-24T09:43:01Z" finished-at="2019-07-24T09:43:13Z">
      <class name="testcases.FindInhouseDirection">
        <test-method status="PASS" signature="setUp()[pri:0, instance:testcases.FindInhouseDirection@4b013c76]" name="setUp" is-config="true" duration-ms="11641" started-at="2019-07-24T09:42:49Z" finished-at="2019-07-24T09:43:01Z">
          <reporter-output>
          </reporter-output>
        </test-method> <!-- setUp -->
        <test-method status="PASS" signature="findInhouseDirection()[pri:0, instance:testcases.FindInhouseDirection@4b013c76]" name="findInhouseDirection" duration-ms="12633" started-at="2019-07-24T09:43:01Z" finished-at="2019-07-24T09:43:13Z">
          <reporter-output>
          </reporter-output>
        </test-method> <!-- findInhouseDirection -->
        <test-method status="PASS" signature="tearDown()[pri:0, instance:testcases.FindInhouseDirection@4b013c76]" name="tearDown" is-config="true" duration-ms="0" started-at="2019-07-24T09:43:13Z" finished-at="2019-07-24T09:43:13Z">
          <reporter-output>
          </reporter-output>
        </test-method> <!-- tearDown -->
      </class> <!-- testcases.FindInhouseDirection -->
    </test> <!-- Default test -->
  </suite> <!-- Default suite -->
</testng-results>
