<?xml version="1.0" encoding="UTF-8"?>
<testng-results skipped="0" failed="0" ignored="0" total="3" passed="3">
  <reporter-output>
  </reporter-output>
  <suite name="Suite" duration-ms="183" started-at="2019-06-09T06:16:16Z" finished-at="2019-06-09T06:16:16Z">
    <groups>
    </groups>
    <test name="LoginTest" duration-ms="67" started-at="2019-06-09T06:16:16Z" finished-at="2019-06-09T06:16:16Z">
      <class name="testcases.Login">
        <test-method status="PASS" signature="doLogin()[pri:0, instance:testcases.Login@50c87b21]" name="doLogin" duration-ms="20" started-at="2019-06-09T06:16:16Z" finished-at="2019-06-09T06:16:16Z">
          <reporter-output>
          </reporter-output>
        </test-method> <!-- doLogin -->
      </class> <!-- testcases.Login -->
    </test> <!-- LoginTest -->
    <test name="User Reg Test" duration-ms="14" started-at="2019-06-09T06:16:16Z" finished-at="2019-06-09T06:16:16Z">
      <class name="testcases.UserReg">
        <test-method status="PASS" signature="doUserReg()[pri:0, instance:testcases.UserReg@4cc0edeb]" name="doUserReg" duration-ms="4" started-at="2019-06-09T06:16:16Z" finished-at="2019-06-09T06:16:16Z">
          <reporter-output>
          </reporter-output>
        </test-method> <!-- doUserReg -->
      </class> <!-- testcases.UserReg -->
    </test> <!-- User Reg Test -->
    <test name="First Test" duration-ms="15" started-at="2019-06-09T06:16:16Z" finished-at="2019-06-09T06:16:16Z">
      <class name="testcases.First">
        <test-method status="PASS" signature="firstTest()[pri:0, instance:testcases.First@c038203]" name="firstTest" duration-ms="10" started-at="2019-06-09T06:16:16Z" finished-at="2019-06-09T06:16:16Z">
          <reporter-output>
          </reporter-output>
        </test-method> <!-- firstTest -->
      </class> <!-- testcases.First -->
    </test> <!-- First Test -->
  </suite> <!-- Suite -->
</testng-results>
