<?xml version="1.0" encoding="UTF-8"?>
<testng-results skipped="0" failed="0" ignored="0" total="2" passed="2">
  <reporter-output>
  </reporter-output>
  <suite name="Learning TestNG" duration-ms="39028" started-at="2019-06-16T05:14:31Z" finished-at="2019-06-16T05:15:10Z">
    <groups>
    </groups>
    <test name="Login Test" duration-ms="27564" started-at="2019-06-16T05:14:31Z" finished-at="2019-06-16T05:14:59Z">
      <class name="testcases.LoginTest">
        <test-method status="PASS" signature="doLogin()[pri:0, instance:testcases.LoginTest@4bbfb90a]" name="doLogin" duration-ms="27500" started-at="2019-06-16T05:14:31Z" finished-at="2019-06-16T05:14:59Z">
          <reporter-output>
          </reporter-output>
        </test-method> <!-- doLogin -->
      </class> <!-- testcases.LoginTest -->
    </test> <!-- Login Test -->
    <test name="Upload Photo Test" duration-ms="11323" started-at="2019-06-16T05:14:59Z" finished-at="2019-06-16T05:15:10Z">
      <class name="testcases.UploadPhotoTest">
        <test-method status="PASS" signature="uploadPhoto()[pri:0, instance:testcases.UploadPhotoTest@3b088d51]" name="uploadPhoto" duration-ms="11318" started-at="2019-06-16T05:14:59Z" finished-at="2019-06-16T05:15:10Z">
          <reporter-output>
          </reporter-output>
        </test-method> <!-- uploadPhoto -->
      </class> <!-- testcases.UploadPhotoTest -->
    </test> <!-- Upload Photo Test -->
  </suite> <!-- Learning TestNG -->
</testng-results>
