<?xml version="1.0" encoding="UTF-8"?>
<testsuite name="TestSuite" time="3.331" tests="3" errors="0" skipped="0" failures="1">
  <properties>
[...]
</properties>
  <testcase name="loginAsBankManager" classname="testcases.BankManagerLoginTest" time="0.439"/>
  <testcase name="addCustomer" classname="testcases.AddCustomerTest" time="1.59"/>
  <testcase name="openAccount" classname="testcases.OpenAccountTest" time="1.302">
    <failure message="Open Account Test failed" type="java.lang.AssertionError">java.lang.AssertionError: Open Account Test failed
	at org.testng.Assert.fail(Assert.java:96)
	at testcases.OpenAccountTest.openAccount(OpenAccountTest.java:28)
</failure>
    <system-out><![CDATA[Raman Arora
]]></system-out>
  </testcase>
</testsuite>