<?xml version="1.0" encoding="UTF-8"?>
<!-- Generated by org.testng.reporters.JUnitXMLReporter -->
<testsuite hostname="DESKTOP-3SL4LUB" ignored="0" name="Dependency Test" tests="3" failures="1" timestamp="02 Jun 2019 06:28:40 GMT" time="0.026" errors="0">
  <testcase name="doUserReg" time="0.001" classname="testnglearning.TestCase3">
    <failure type="java.lang.AssertionError" message="Submit button not present">
      <![CDATA[java.lang.AssertionError: Submit button not present
at testnglearning.TestCase3.doUserReg(TestCase3.java:16)
... Removed 26 stack frames]]>
    </failure>
  </testcase> <!-- doUserReg -->
  <testcase name="doLogin" time="0.0" classname="testnglearning.TestCase3">
    <skipped/>
  </testcase> <!-- doLogin -->
  <testcase name="isSkip" time="0.002" classname="testnglearning.TestCase3">
    <skipped/>
  </testcase> <!-- isSkip -->
</testsuite> <!-- Dependency Test -->
