<?xml version="1.0" encoding="UTF-8"?>
<!-- Generated by org.testng.reporters.JUnitXMLReporter -->
<testsuite hostname="DESKTOP-3SL4LUB" ignored="0" name="Validate Title Test" tests="1" failures="1" timestamp="02 Jun 2019 06:28:40 GMT" time="0.014" errors="0">
  <testcase name="validateTitles" time="0.005" classname="testnglearning.TestCase2">
    <failure type="java.lang.AssertionError" message="button not present expected [true] but found [false]">
      <![CDATA[java.lang.AssertionError: button not present expected [true] but found [false]
at testnglearning.TestCase2.validateTitles(TestCase2.java:30)
... Removed 28 stack frames]]>
    </failure>
  </testcase> <!-- validateTitles -->
</testsuite> <!-- Validate Title Test -->
